execve("op/hello", ["op/hello"], 0x7ffc5030e3c8 /* 59 vars */) = 0 <0.001008>
brk(NULL)                               = 0x225f000 <0.000094>
access("/etc/ld.so.preload", R_OK)      = -1 ENOENT (没有那个文件或目录) <0.000078>
openat(AT_FDCWD, "/etc/ld.so.cache", O_RDONLY|O_CLOEXEC) = 3 <0.000071>
fstat(3, {st_mode=S_IFREG|0644, st_size=111566, ...}) = 0 <0.000103>
mmap(NULL, 111566, PROT_READ, MAP_PRIVATE, 3, 0) = 0x7f1c47a7f000 <0.000073>
close(3)                                = 0 <0.000058>
openat(AT_FDCWD, "/lib/x86_64-linux-gnu/libc.so.6", O_RDONLY|O_CLOEXEC) = 3 <0.000066>
read(3, "\177ELF\2\1\1\3\0\0\0\0\0\0\0\0\3\0>\0\1\0\0\0\260A\2\0\0\0\0\0"..., 832) = 832 <0.000077>
fstat(3, {st_mode=S_IFREG|0755, st_size=1824496, ...}) = 0 <0.000065>
mmap(NULL, 8192, PROT_READ|PROT_WRITE, MAP_PRIVATE|MAP_ANONYMOUS, -1, 0) = 0x7f1c47a7d000 <0.000062>
mmap(NULL, 1837056, PROT_READ, MAP_PRIVATE|MAP_DENYWRITE, 3, 0) = 0x7f1c478bc000 <0.000056>
mprotect(0x7f1c478de000, 1658880, PROT_NONE) = 0 <0.000057>
mmap(0x7f1c478de000, 1343488, PROT_READ|PROT_EXEC, MAP_PRIVATE|MAP_FIXED|MAP_DENYWRITE, 3, 0x22000) = 0x7f1c478de000 <0.000049>
mmap(0x7f1c47a26000, 311296, PROT_READ, MAP_PRIVATE|MAP_FIXED|MAP_DENYWRITE, 3, 0x16a000) = 0x7f1c47a26000 <0.000049>
mmap(0x7f1c47a73000, 24576, PROT_READ|PROT_WRITE, MAP_PRIVATE|MAP_FIXED|MAP_DENYWRITE, 3, 0x1b6000) = 0x7f1c47a73000 <0.000050>
mmap(0x7f1c47a79000, 14336, PROT_READ|PROT_WRITE, MAP_PRIVATE|MAP_FIXED|MAP_ANONYMOUS, -1, 0) = 0x7f1c47a79000 <0.000054>
close(3)                                = 0 <0.000041>
arch_prctl(ARCH_SET_FS, 0x7f1c47a7e500) = 0 <0.000049>
mprotect(0x7f1c47a73000, 16384, PROT_READ) = 0 <0.000051>
mprotect(0x403000, 4096, PROT_READ)     = 0 <0.000047>
mprotect(0x7f1c47ac2000, 4096, PROT_READ) = 0 <0.000046>
munmap(0x7f1c47a7f000, 111566)          = 0 <0.000051>
fstat(1, {st_mode=S_IFCHR|0620, st_rdev=makedev(0x88, 0), ...}) = 0 <0.000049>
brk(NULL)                               = 0x225f000 <0.000049>
brk(0x2280000)                          = 0x2280000 <0.000047>
write(1, "hello world\n", 12)           = 12 <0.000093>
exit_group(0)                           = ?
+++ exited with 0 +++
